Determining if the pthread_create exist failed with the following output:
Change Dir: /home/mirra/CLionProjects/oopterm3/formal/cmake-build-debug/CMakeFiles/CMakeTmp

Run Build Command(s):/usr/bin/make cmTC_012ff/fast 
make[1]: вход в каталог «/home/mirra/CLionProjects/oopterm3/formal/cmake-build-debug/CMakeFiles/CMakeTmp»
/usr/bin/make -f CMakeFiles/cmTC_012ff.dir/build.make CMakeFiles/cmTC_012ff.dir/build
make[2]: вход в каталог «/home/mirra/CLionProjects/oopterm3/formal/cmake-build-debug/CMakeFiles/CMakeTmp»
Building C object CMakeFiles/cmTC_012ff.dir/CheckSymbolExists.c.o
/usr/bin/cc    -o CMakeFiles/cmTC_012ff.dir/CheckSymbolExists.c.o   -c /home/mirra/CLionProjects/oopterm3/formal/cmake-build-debug/CMakeFiles/CMakeTmp/CheckSymbolExists.c
Linking C executable cmTC_012ff
/home/mirra/clion-2019.2.2/bin/cmake/linux/bin/cmake -E cmake_link_script CMakeFiles/cmTC_012ff.dir/link.txt --verbose=1
/usr/bin/cc      -rdynamic CMakeFiles/cmTC_012ff.dir/CheckSymbolExists.c.o  -o cmTC_012ff 
/usr/bin/ld: CMakeFiles/cmTC_012ff.dir/CheckSymbolExists.c.o: in function `main':
CheckSymbolExists.c:(.text+0x1b): undefined reference to `pthread_create'
collect2: error: ld returned 1 exit status
make[2]: *** [CMakeFiles/cmTC_012ff.dir/build.make:87: cmTC_012ff] Ошибка 1
make[2]: выход из каталога «/home/mirra/CLionProjects/oopterm3/formal/cmake-build-debug/CMakeFiles/CMakeTmp»
make[1]: *** [Makefile:121: cmTC_012ff/fast] Ошибка 2
make[1]: выход из каталога «/home/mirra/CLionProjects/oopterm3/formal/cmake-build-debug/CMakeFiles/CMakeTmp»

File /home/mirra/CLionProjects/oopterm3/formal/cmake-build-debug/CMakeFiles/CMakeTmp/CheckSymbolExists.c:
/* */
#include <pthread.h>

int main(int argc, char** argv)
{
  (void)argv;
#ifndef pthread_create
  return ((int*)(&pthread_create))[argc];
#else
  (void)argc;
  return 0;
#endif
}

Determining if the function pthread_create exists in the pthreads failed with the following output:
Change Dir: /home/mirra/CLionProjects/oopterm3/formal/cmake-build-debug/CMakeFiles/CMakeTmp

Run Build Command(s):/usr/bin/make cmTC_71457/fast 
make[1]: вход в каталог «/home/mirra/CLionProjects/oopterm3/formal/cmake-build-debug/CMakeFiles/CMakeTmp»
/usr/bin/make -f CMakeFiles/cmTC_71457.dir/build.make CMakeFiles/cmTC_71457.dir/build
make[2]: вход в каталог «/home/mirra/CLionProjects/oopterm3/formal/cmake-build-debug/CMakeFiles/CMakeTmp»
Building C object CMakeFiles/cmTC_71457.dir/CheckFunctionExists.c.o
/usr/bin/cc   -DCHECK_FUNCTION_EXISTS=pthread_create   -o CMakeFiles/cmTC_71457.dir/CheckFunctionExists.c.o   -c /home/mirra/clion-2019.2.2/bin/cmake/linux/share/cmake-3.14/Modules/CheckFunctionExists.c
Linking C executable cmTC_71457
/home/mirra/clion-2019.2.2/bin/cmake/linux/bin/cmake -E cmake_link_script CMakeFiles/cmTC_71457.dir/link.txt --verbose=1
/usr/bin/cc  -DCHECK_FUNCTION_EXISTS=pthread_create    -rdynamic CMakeFiles/cmTC_71457.dir/CheckFunctionExists.c.o  -o cmTC_71457 -lpthreads 
/usr/bin/ld: cannot find -lpthreads
collect2: error: ld returned 1 exit status
make[2]: *** [CMakeFiles/cmTC_71457.dir/build.make:87: cmTC_71457] Ошибка 1
make[2]: выход из каталога «/home/mirra/CLionProjects/oopterm3/formal/cmake-build-debug/CMakeFiles/CMakeTmp»
make[1]: *** [Makefile:121: cmTC_71457/fast] Ошибка 2
make[1]: выход из каталога «/home/mirra/CLionProjects/oopterm3/formal/cmake-build-debug/CMakeFiles/CMakeTmp»


